Determining if the pthread_create exist failed with the following output:
Change Dir: /home/robot/Desktop/Project_CPP/ORB_SLAM2_Map/Examples/ROS/ORB_SLAM2/build/CMakeFiles/CMakeTmp

Run Build Command:"/usr/bin/make" "cmTryCompileExec1322459519/fast"
/usr/bin/make -f CMakeFiles/cmTryCompileExec1322459519.dir/build.make CMakeFiles/cmTryCompileExec1322459519.dir/build
make[1]: 正在进入目录 `/home/robot/Desktop/Project_CPP/ORB_SLAM2_Map/Examples/ROS/ORB_SLAM2/build/CMakeFiles/CMakeTmp'
/usr/bin/cmake -E cmake_progress_report /home/robot/Desktop/Project_CPP/ORB_SLAM2_Map/Examples/ROS/ORB_SLAM2/build/CMakeFiles/CMakeTmp/CMakeFiles 1
Building C object CMakeFiles/cmTryCompileExec1322459519.dir/CheckSymbolExists.c.o
/usr/bin/cc    -o CMakeFiles/cmTryCompileExec1322459519.dir/CheckSymbolExists.c.o   -c /home/robot/Desktop/Project_CPP/ORB_SLAM2_Map/Examples/ROS/ORB_SLAM2/build/CMakeFiles/CMakeTmp/CheckSymbolExists.c
Linking C executable cmTryCompileExec1322459519
/usr/bin/cmake -E cmake_link_script CMakeFiles/cmTryCompileExec1322459519.dir/link.txt --verbose=1
/usr/bin/cc       CMakeFiles/cmTryCompileExec1322459519.dir/CheckSymbolExists.c.o  -o cmTryCompileExec1322459519 -rdynamic 
CMakeFiles/cmTryCompileExec1322459519.dir/CheckSymbolExists.c.o：在函数‘main’中：
CheckSymbolExists.c:(.text+0x16)：对‘pthread_create’未定义的引用
collect2: error: ld returned 1 exit status
make[1]: *** [cmTryCompileExec1322459519] 错误 1
make[1]:正在离开目录 `/home/robot/Desktop/Project_CPP/ORB_SLAM2_Map/Examples/ROS/ORB_SLAM2/build/CMakeFiles/CMakeTmp'
make: *** [cmTryCompileExec1322459519/fast] 错误 2

File /home/robot/Desktop/Project_CPP/ORB_SLAM2_Map/Examples/ROS/ORB_SLAM2/build/CMakeFiles/CMakeTmp/CheckSymbolExists.c:
/* */
#include <pthread.h>

int main(int argc, char** argv)
{
  (void)argv;
#ifndef pthread_create
  return ((int*)(&pthread_create))[argc];
#else
  (void)argc;
  return 0;
#endif
}

Determining if the function pthread_create exists in the pthreads failed with the following output:
Change Dir: /home/robot/Desktop/Project_CPP/ORB_SLAM2_Map/Examples/ROS/ORB_SLAM2/build/CMakeFiles/CMakeTmp

Run Build Command:"/usr/bin/make" "cmTryCompileExec1893327/fast"
/usr/bin/make -f CMakeFiles/cmTryCompileExec1893327.dir/build.make CMakeFiles/cmTryCompileExec1893327.dir/build
make[1]: 正在进入目录 `/home/robot/Desktop/Project_CPP/ORB_SLAM2_Map/Examples/ROS/ORB_SLAM2/build/CMakeFiles/CMakeTmp'
/usr/bin/cmake -E cmake_progress_report /home/robot/Desktop/Project_CPP/ORB_SLAM2_Map/Examples/ROS/ORB_SLAM2/build/CMakeFiles/CMakeTmp/CMakeFiles 1
Building C object CMakeFiles/cmTryCompileExec1893327.dir/CheckFunctionExists.c.o
/usr/bin/cc   -DCHECK_FUNCTION_EXISTS=pthread_create   -o CMakeFiles/cmTryCompileExec1893327.dir/CheckFunctionExists.c.o   -c /usr/share/cmake-3.2/Modules/CheckFunctionExists.c
Linking C executable cmTryCompileExec1893327
/usr/bin/cmake -E cmake_link_script CMakeFiles/cmTryCompileExec1893327.dir/link.txt --verbose=1
/usr/bin/cc   -DCHECK_FUNCTION_EXISTS=pthread_create    CMakeFiles/cmTryCompileExec1893327.dir/CheckFunctionExists.c.o  -o cmTryCompileExec1893327 -rdynamic -lpthreads 
/usr/bin/ld: 找不到 -lpthreads
collect2: error: ld returned 1 exit status
make[1]: *** [cmTryCompileExec1893327] 错误 1
make[1]:正在离开目录 `/home/robot/Desktop/Project_CPP/ORB_SLAM2_Map/Examples/ROS/ORB_SLAM2/build/CMakeFiles/CMakeTmp'
make: *** [cmTryCompileExec1893327/fast] 错误 2


